  GUI_Manager_Class.cpp
C:\Users\wtnbk\Desktop\あげていいやつ\210105-SVG-Loader\SVG_Loader\SVG_Loader\GUI_Manager_Class.cpp(87,1): warning C4312: '型キャスト': 'int' からより大きいサイズの 'HMENU' へ変換します。
C:\Users\wtnbk\Desktop\あげていいやつ\210105-SVG-Loader\SVG_Loader\SVG_Loader\GUI_Manager_Class.cpp(135,1): warning C4312: '型キャスト': 'int' からより大きいサイズの 'HMENU' へ変換します。
C:\Users\wtnbk\Desktop\あげていいやつ\210105-SVG-Loader\SVG_Loader\SVG_Loader\GUI_Manager_Class.cpp(183,1): warning C4312: '型キャスト': 'int' からより大きいサイズの 'HMENU' へ変換します。
C:\Users\wtnbk\Desktop\あげていいやつ\210105-SVG-Loader\SVG_Loader\SVG_Loader\GUI_Manager_Class.cpp(253,12): warning C4312: '型キャスト': 'int' からより大きいサイズの 'HMENU' へ変換します。
C:\Users\wtnbk\Desktop\あげていいやつ\210105-SVG-Loader\SVG_Loader\SVG_Loader\GUI_Manager_Class.cpp(274,12): warning C4312: '型キャスト': 'int' からより大きいサイズの 'HMENU' へ変換します。
C:\Users\wtnbk\Desktop\あげていいやつ\210105-SVG-Loader\SVG_Loader\SVG_Loader\GUI_Manager_Class.cpp(287,10): warning C4244: '初期化中': 'LRESULT' から 'int' への変換です。データが失われる可能性があります。
C:\Users\wtnbk\Desktop\あげていいやつ\210105-SVG-Loader\SVG_Loader\SVG_Loader\GUI_Manager_Class.cpp(319,1): warning C4312: '型キャスト': 'int' からより大きいサイズの 'HMENU' へ変換します。
C:\Users\wtnbk\Desktop\あげていいやつ\210105-SVG-Loader\SVG_Loader\SVG_Loader\GUI_Manager_Class.cpp(353,12): warning C4244: '初期化中': 'LRESULT' から 'int' への変換です。データが失われる可能性があります。
C:\Users\wtnbk\Desktop\あげていいやつ\210105-SVG-Loader\SVG_Loader\SVG_Loader\GUI_Manager_Class.cpp(360,15): warning C4244: '初期化中': 'LRESULT' から 'int' への変換です。データが失われる可能性があります。
C:\Users\wtnbk\Desktop\あげていいやつ\210105-SVG-Loader\SVG_Loader\SVG_Loader\GUI_Manager_Class.cpp(412,12): warning C4244: '初期化中': 'LRESULT' から 'int' への変換です。データが失われる可能性があります。
C:\Users\wtnbk\Desktop\あげていいやつ\210105-SVG-Loader\SVG_Loader\SVG_Loader\GUI_Manager_Class.cpp(418,15): warning C4244: '初期化中': 'LRESULT' から 'int' への変換です。データが失われる可能性があります。
C:\Users\wtnbk\Desktop\あげていいやつ\210105-SVG-Loader\SVG_Loader\SVG_Loader\GUI_Manager_Class.cpp(440,12): warning C4312: '型キャスト': 'int' からより大きいサイズの 'HMENU' へ変換します。
  mainController.cpp
C:\Users\wtnbk\Desktop\あげていいやつ\210105-SVG-Loader\SVG_Loader\SVG_Loader\mainController.cpp(16,12): warning C4244: '引数': 'time_t' から 'unsigned int' への変換です。データが失われる可能性があります。
C:\Users\wtnbk\Desktop\あげていいやつ\210105-SVG-Loader\SVG_Loader\SVG_Loader\mainController.cpp(47,19): warning C4244: '=': 'double' から 'GLfloat' への変換です。データが失われる可能性があります。
C:\Users\wtnbk\Desktop\あげていいやつ\210105-SVG-Loader\SVG_Loader\SVG_Loader\mainController.cpp(170,47): warning C4244: '+=': 'double' から 'GLfloat' への変換です。データが失われる可能性があります。
C:\Users\wtnbk\Desktop\あげていいやつ\210105-SVG-Loader\SVG_Loader\SVG_Loader\mainController.cpp(171,47): warning C4244: '+=': 'double' から 'GLfloat' への変換です。データが失われる可能性があります。
C:\Users\wtnbk\Desktop\あげていいやつ\210105-SVG-Loader\SVG_Loader\SVG_Loader\mainController.cpp(202,47): warning C4244: '+=': 'double' から 'GLfloat' への変換です。データが失われる可能性があります。
C:\Users\wtnbk\Desktop\あげていいやつ\210105-SVG-Loader\SVG_Loader\SVG_Loader\mainController.cpp(203,47): warning C4244: '+=': 'double' から 'GLfloat' への変換です。データが失われる可能性があります。
C:\Users\wtnbk\Desktop\あげていいやつ\210105-SVG-Loader\SVG_Loader\SVG_Loader\mainController.cpp(204,49): warning C4244: '+=': 'double' から 'GLfloat' への変換です。データが失われる可能性があります。
C:\Users\wtnbk\Desktop\あげていいやつ\210105-SVG-Loader\SVG_Loader\SVG_Loader\mainController.cpp(205,49): warning C4244: '+=': 'double' から 'GLfloat' への変換です。データが失われる可能性があります。
C:\Users\wtnbk\Desktop\あげていいやつ\210105-SVG-Loader\SVG_Loader\SVG_Loader\mainController.cpp(213,46): warning C4244: '=': 'double' から 'GLfloat' への変換です。データが失われる可能性があります。
C:\Users\wtnbk\Desktop\あげていいやつ\210105-SVG-Loader\SVG_Loader\SVG_Loader\mainController.cpp(214,46): warning C4244: '=': 'double' から 'GLfloat' への変換です。データが失われる可能性があります。
C:\Users\wtnbk\Desktop\あげていいやつ\210105-SVG-Loader\SVG_Loader\SVG_Loader\mainController.cpp(241,37): warning C4244: '引数': 'double' から 'float' への変換です。データが失われる可能性があります。
C:\Users\wtnbk\Desktop\あげていいやつ\210105-SVG-Loader\SVG_Loader\SVG_Loader\mainController.cpp(241,25): warning C4244: '引数': 'double' から 'float' への変換です。データが失われる可能性があります。
  matrixClass.cpp
C:\Users\wtnbk\Desktop\あげていいやつ\210105-SVG-Loader\SVG_Loader\SVG_Loader\matrixClass.cpp(185,15): warning C4244: '初期化中': 'double' から 'float' への変換です。データが失われる可能性があります。
C:\Users\wtnbk\Desktop\あげていいやつ\210105-SVG-Loader\SVG_Loader\SVG_Loader\matrixClass.cpp(199,15): warning C4244: '初期化中': 'double' から 'float' への変換です。データが失われる可能性があります。
C:\Users\wtnbk\Desktop\あげていいやつ\210105-SVG-Loader\SVG_Loader\SVG_Loader\matrixClass.cpp(213,15): warning C4244: '初期化中': 'double' から 'float' への変換です。データが失われる可能性があります。
C:\Users\wtnbk\Desktop\あげていいやつ\210105-SVG-Loader\SVG_Loader\SVG_Loader\matrixClass.cpp(349,19): warning C4244: '=': 'double' から 'float' への変換です。データが失われる可能性があります。
C:\Users\wtnbk\Desktop\あげていいやつ\210105-SVG-Loader\SVG_Loader\SVG_Loader\matrixClass.cpp(361,19): warning C4244: '=': 'double' から 'float' への変換です。データが失われる可能性があります。
C:\Users\wtnbk\Desktop\あげていいやつ\210105-SVG-Loader\SVG_Loader\SVG_Loader\matrixClass.cpp(373,19): warning C4244: '=': 'double' から 'float' への変換です。データが失われる可能性があります。
C:\Users\wtnbk\Desktop\あげていいやつ\210105-SVG-Loader\SVG_Loader\SVG_Loader\matrixClass.cpp(406,15): warning C4244: '初期化中': 'double' から 'float' への変換です。データが失われる可能性があります。
C:\Users\wtnbk\Desktop\あげていいやつ\210105-SVG-Loader\SVG_Loader\SVG_Loader\matrixClass.cpp(407,32): warning C4244: '引数': 'double' から 'float' への変換です。データが失われる可能性があります。
C:\Users\wtnbk\Desktop\あげていいやつ\210105-SVG-Loader\SVG_Loader\SVG_Loader\matrixClass.cpp(407,13): warning C4244: '初期化中': 'double' から 'float' への変換です。データが失われる可能性があります。
C:\Users\wtnbk\Desktop\あげていいやつ\210105-SVG-Loader\SVG_Loader\SVG_Loader\matrixClass.cpp(409,10): warning C4244: '初期化中': 'double' から 'float' への変換です。データが失われる可能性があります。
C:\Users\wtnbk\Desktop\あげていいやつ\210105-SVG-Loader\SVG_Loader\SVG_Loader\matrixClass.cpp(424,10): warning C4244: '初期化中': 'double' から 'float' への変換です。データが失われる可能性があります。
C:\Users\wtnbk\Desktop\あげていいやつ\210105-SVG-Loader\SVG_Loader\SVG_Loader\matrixClass.cpp(425,10): warning C4244: '初期化中': 'double' から 'float' への変換です。データが失われる可能性があります。
C:\Users\wtnbk\Desktop\あげていいやつ\210105-SVG-Loader\SVG_Loader\SVG_Loader\matrixClass.cpp(426,10): warning C4244: '初期化中': 'double' から 'float' への変換です。データが失われる可能性があります。
  OpenGL_Manager_Class.cpp
C:\Users\wtnbk\Desktop\あげていいやつ\210105-SVG-Loader\SVG_Loader\SVG_Loader\OpenGL_Manager_Class.cpp(275,24): warning C4244: '初期化中': 'std::streamoff' から 'unsigned long' への変換です。データが失われる可能性があります。
  SVG_Loader.cpp
C:\Users\wtnbk\Desktop\あげていいやつ\210105-SVG-Loader\SVG_Loader\SVG_Loader\SVG_Loader.cpp(116,11): warning C4477: 'printf' : 書式文字列 '%d' には、型 'int' の引数が必要ですが、可変個引数 1 は型 'time_t' です
C:\Users\wtnbk\Desktop\あげていいやつ\210105-SVG-Loader\SVG_Loader\SVG_Loader\SVG_Loader.cpp(116,11): message : 書式文字列に '%lld' を使用することをお勧めします
C:\Users\wtnbk\Desktop\あげていいやつ\210105-SVG-Loader\SVG_Loader\SVG_Loader\SVG_Loader.cpp(116,11): message : 書式文字列に '%Id' を使用することをお勧めします
C:\Users\wtnbk\Desktop\あげていいやつ\210105-SVG-Loader\SVG_Loader\SVG_Loader\SVG_Loader.cpp(116,11): message : 書式文字列に '%I64d' を使用することをお勧めします
  SVG_Loader_Class.cpp
C:\Users\wtnbk\Desktop\あげていいやつ\210105-SVG-Loader\SVG_Loader\SVG_Loader\SVG_Loader_Class.cpp(32,33): warning C4244: '=': 'double' から 'float' への変換です。データが失われる可能性があります。
C:\Users\wtnbk\Desktop\あげていいやつ\210105-SVG-Loader\SVG_Loader\SVG_Loader\SVG_Loader_Class.cpp(33,33): warning C4244: '=': 'double' から 'float' への変換です。データが失われる可能性があります。
C:\Users\wtnbk\Desktop\あげていいやつ\210105-SVG-Loader\SVG_Loader\SVG_Loader\SVG_Loader_Class.cpp(41,37): warning C4244: '=': 'double' から 'float' への変換です。データが失われる可能性があります。
C:\Users\wtnbk\Desktop\あげていいやつ\210105-SVG-Loader\SVG_Loader\SVG_Loader\SVG_Loader_Class.cpp(262,32): warning C4244: '=': 'double' から 'float' への変換です。データが失われる可能性があります。
C:\Users\wtnbk\Desktop\あげていいやつ\210105-SVG-Loader\SVG_Loader\SVG_Loader\SVG_Loader_Class.cpp(263,32): warning C4244: '=': 'double' から 'float' への変換です。データが失われる可能性があります。
C:\Users\wtnbk\Desktop\あげていいやつ\210105-SVG-Loader\SVG_Loader\SVG_Loader\SVG_Loader_Class.cpp(267,29): warning C4244: '=': 'double' から 'float' への変換です。データが失われる可能性があります。
C:\Users\wtnbk\Desktop\あげていいやつ\210105-SVG-Loader\SVG_Loader\SVG_Loader\SVG_Loader_Class.cpp(268,29): warning C4244: '=': 'double' から 'float' への変換です。データが失われる可能性があります。
C:\Users\wtnbk\Desktop\あげていいやつ\210105-SVG-Loader\SVG_Loader\SVG_Loader\SVG_Loader_Class.cpp(271,29): warning C4244: '=': 'double' から 'float' への変換です。データが失われる可能性があります。
C:\Users\wtnbk\Desktop\あげていいやつ\210105-SVG-Loader\SVG_Loader\SVG_Loader\SVG_Loader_Class.cpp(272,29): warning C4244: '=': 'double' から 'float' への変換です。データが失われる可能性があります。
C:\Users\wtnbk\Desktop\あげていいやつ\210105-SVG-Loader\SVG_Loader\SVG_Loader\SVG_Loader_Class.cpp(278,21): warning C4244: '=': 'double' から 'float' への変換です。データが失われる可能性があります。
C:\Users\wtnbk\Desktop\あげていいやつ\210105-SVG-Loader\SVG_Loader\SVG_Loader\SVG_Loader_Class.cpp(279,21): warning C4244: '=': 'double' から 'float' への変換です。データが失われる可能性があります。
C:\Users\wtnbk\Desktop\あげていいやつ\210105-SVG-Loader\SVG_Loader\SVG_Loader\SVG_Loader_Class.cpp(282,21): warning C4244: '=': 'double' から 'float' への変換です。データが失われる可能性があります。
C:\Users\wtnbk\Desktop\あげていいやつ\210105-SVG-Loader\SVG_Loader\SVG_Loader\SVG_Loader_Class.cpp(283,21): warning C4244: '=': 'double' から 'float' への変換です。データが失われる可能性があります。
C:\Users\wtnbk\Desktop\あげていいやつ\210105-SVG-Loader\SVG_Loader\SVG_Loader\SVG_Loader_Class.cpp(403,33): warning C4244: '=': 'double' から 'float' への変換です。データが失われる可能性があります。
C:\Users\wtnbk\Desktop\あげていいやつ\210105-SVG-Loader\SVG_Loader\SVG_Loader\SVG_Loader_Class.cpp(404,33): warning C4244: '=': 'double' から 'float' への変換です。データが失われる可能性があります。
C:\Users\wtnbk\Desktop\あげていいやつ\210105-SVG-Loader\SVG_Loader\SVG_Loader\SVG_Loader_Class.cpp(407,33): warning C4244: '=': 'double' から 'float' への変換です。データが失われる可能性があります。
C:\Users\wtnbk\Desktop\あげていいやつ\210105-SVG-Loader\SVG_Loader\SVG_Loader\SVG_Loader_Class.cpp(408,33): warning C4244: '=': 'double' から 'float' への変換です。データが失われる可能性があります。
C:\Users\wtnbk\Desktop\あげていいやつ\210105-SVG-Loader\SVG_Loader\SVG_Loader\SVG_Loader_Class.cpp(416,21): warning C4244: '=': 'double' から 'float' への変換です。データが失われる可能性があります。
C:\Users\wtnbk\Desktop\あげていいやつ\210105-SVG-Loader\SVG_Loader\SVG_Loader\SVG_Loader_Class.cpp(417,21): warning C4244: '=': 'double' から 'float' への変換です。データが失われる可能性があります。
C:\Users\wtnbk\Desktop\あげていいやつ\210105-SVG-Loader\SVG_Loader\SVG_Loader\SVG_Loader_Class.cpp(420,43): warning C4244: '=': 'double' から 'float' への変換です。データが失われる可能性があります。
C:\Users\wtnbk\Desktop\あげていいやつ\210105-SVG-Loader\SVG_Loader\SVG_Loader\SVG_Loader_Class.cpp(421,49): warning C4244: '=': 'double' から 'float' への変換です。データが失われる可能性があります。
C:\Users\wtnbk\Desktop\あげていいやつ\210105-SVG-Loader\SVG_Loader\SVG_Loader\SVG_Loader_Class.cpp(424,49): warning C4244: '=': 'double' から 'float' への変換です。データが失われる可能性があります。
C:\Users\wtnbk\Desktop\あげていいやつ\210105-SVG-Loader\SVG_Loader\SVG_Loader\SVG_Loader_Class.cpp(425,49): warning C4244: '=': 'double' から 'float' への変換です。データが失われる可能性があります。
C:\Users\wtnbk\Desktop\あげていいやつ\210105-SVG-Loader\SVG_Loader\SVG_Loader\SVG_Loader_Class.cpp(428,49): warning C4244: '=': 'double' から 'float' への変換です。データが失われる可能性があります。
C:\Users\wtnbk\Desktop\あげていいやつ\210105-SVG-Loader\SVG_Loader\SVG_Loader\SVG_Loader_Class.cpp(429,43): warning C4244: '=': 'double' から 'float' への変換です。データが失われる可能性があります。
C:\Users\wtnbk\Desktop\あげていいやつ\210105-SVG-Loader\SVG_Loader\SVG_Loader\SVG_Loader_Class.cpp(432,21): warning C4244: '=': 'double' から 'float' への変換です。データが失われる可能性があります。
C:\Users\wtnbk\Desktop\あげていいやつ\210105-SVG-Loader\SVG_Loader\SVG_Loader\SVG_Loader_Class.cpp(433,21): warning C4244: '=': 'double' から 'float' への変換です。データが失われる可能性があります。
C:\Users\wtnbk\Desktop\あげていいやつ\210105-SVG-Loader\SVG_Loader\SVG_Loader\SVG_Loader_Class.cpp(525,28): warning C4244: '=': 'double' から 'float' への変換です。データが失われる可能性があります。
C:\Users\wtnbk\Desktop\あげていいやつ\210105-SVG-Loader\SVG_Loader\SVG_Loader\SVG_Loader_Class.cpp(526,28): warning C4244: '=': 'double' から 'float' への変換です。データが失われる可能性があります。
C:\Users\wtnbk\Desktop\あげていいやつ\210105-SVG-Loader\SVG_Loader\SVG_Loader\SVG_Loader_Class.cpp(529,28): warning C4244: '=': 'double' から 'float' への変換です。データが失われる可能性があります。
C:\Users\wtnbk\Desktop\あげていいやつ\210105-SVG-Loader\SVG_Loader\SVG_Loader\SVG_Loader_Class.cpp(530,28): warning C4244: '=': 'double' から 'float' への変換です。データが失われる可能性があります。
C:\Users\wtnbk\Desktop\あげていいやつ\210105-SVG-Loader\SVG_Loader\SVG_Loader\SVG_Loader_Class.cpp(639,28): warning C4244: '=': 'double' から 'float' への変換です。データが失われる可能性があります。
C:\Users\wtnbk\Desktop\あげていいやつ\210105-SVG-Loader\SVG_Loader\SVG_Loader\SVG_Loader_Class.cpp(640,28): warning C4244: '=': 'double' から 'float' への変換です。データが失われる可能性があります。
C:\Users\wtnbk\Desktop\あげていいやつ\210105-SVG-Loader\SVG_Loader\SVG_Loader\SVG_Loader_Class.cpp(643,28): warning C4244: '=': 'double' から 'float' への変換です。データが失われる可能性があります。
C:\Users\wtnbk\Desktop\あげていいやつ\210105-SVG-Loader\SVG_Loader\SVG_Loader\SVG_Loader_Class.cpp(644,28): warning C4244: '=': 'double' から 'float' への変換です。データが失われる可能性があります。
C:\Users\wtnbk\Desktop\あげていいやつ\210105-SVG-Loader\SVG_Loader\SVG_Loader\SVG_Loader_Class.cpp(717,28): warning C4244: '=': 'double' から 'float' への変換です。データが失われる可能性があります。
C:\Users\wtnbk\Desktop\あげていいやつ\210105-SVG-Loader\SVG_Loader\SVG_Loader\SVG_Loader_Class.cpp(718,28): warning C4244: '=': 'double' から 'float' への変換です。データが失われる可能性があります。
C:\Users\wtnbk\Desktop\あげていいやつ\210105-SVG-Loader\SVG_Loader\SVG_Loader\SVG_Loader_Class.cpp(721,30): warning C4244: '=': 'double' から 'float' への変換です。データが失われる可能性があります。
C:\Users\wtnbk\Desktop\あげていいやつ\210105-SVG-Loader\SVG_Loader\SVG_Loader\SVG_Loader_Class.cpp(722,30): warning C4244: '=': 'double' から 'float' への変換です。データが失われる可能性があります。
C:\Users\wtnbk\Desktop\あげていいやつ\210105-SVG-Loader\SVG_Loader\SVG_Loader\SVG_Loader_Class.cpp(734,37): warning C4244: '=': 'double' から 'float' への変換です。データが失われる可能性があります。
C:\Users\wtnbk\Desktop\あげていいやつ\210105-SVG-Loader\SVG_Loader\SVG_Loader\SVG_Loader_Class.cpp(735,37): warning C4244: '=': 'double' から 'float' への変換です。データが失われる可能性があります。
C:\Users\wtnbk\Desktop\あげていいやつ\210105-SVG-Loader\SVG_Loader\SVG_Loader\SVG_Loader_Class.cpp(738,28): warning C4244: '=': 'double' から 'float' への変換です。データが失われる可能性があります。
C:\Users\wtnbk\Desktop\あげていいやつ\210105-SVG-Loader\SVG_Loader\SVG_Loader\SVG_Loader_Class.cpp(739,28): warning C4244: '=': 'double' から 'float' への変換です。データが失われる可能性があります。
C:\Users\wtnbk\Desktop\あげていいやつ\210105-SVG-Loader\SVG_Loader\SVG_Loader\SVG_Loader_Class.cpp(941,33): warning C4244: '=': 'double' から 'float' への変換です。データが失われる可能性があります。
C:\Users\wtnbk\Desktop\あげていいやつ\210105-SVG-Loader\SVG_Loader\SVG_Loader\SVG_Loader_Class.cpp(942,33): warning C4244: '=': 'double' から 'float' への変換です。データが失われる可能性があります。
C:\Users\wtnbk\Desktop\あげていいやつ\210105-SVG-Loader\SVG_Loader\SVG_Loader\SVG_Loader_Class.cpp(945,33): warning C4244: '=': 'double' から 'float' への変換です。データが失われる可能性があります。
C:\Users\wtnbk\Desktop\あげていいやつ\210105-SVG-Loader\SVG_Loader\SVG_Loader\SVG_Loader_Class.cpp(946,33): warning C4244: '=': 'double' から 'float' への変換です。データが失われる可能性があります。
C:\Users\wtnbk\Desktop\あげていいやつ\210105-SVG-Loader\SVG_Loader\SVG_Loader\SVG_Loader_Class.cpp(953,35): warning C4244: '=': 'double' から 'float' への変換です。データが失われる可能性があります。
C:\Users\wtnbk\Desktop\あげていいやつ\210105-SVG-Loader\SVG_Loader\SVG_Loader\SVG_Loader_Class.cpp(954,35): warning C4244: '=': 'double' から 'float' への変換です。データが失われる可能性があります。
C:\Users\wtnbk\Desktop\あげていいやつ\210105-SVG-Loader\SVG_Loader\SVG_Loader\SVG_Loader_Class.cpp(958,29): warning C4244: '=': 'double' から 'float' への変換です。データが失われる可能性があります。
C:\Users\wtnbk\Desktop\あげていいやつ\210105-SVG-Loader\SVG_Loader\SVG_Loader\SVG_Loader_Class.cpp(959,33): warning C4244: '=': 'double' から 'float' への変換です。データが失われる可能性があります。
C:\Users\wtnbk\Desktop\あげていいやつ\210105-SVG-Loader\SVG_Loader\SVG_Loader\SVG_Loader_Class.cpp(1013,38): warning C4244: '=': 'double' から 'float' への変換です。データが失われる可能性があります。
C:\Users\wtnbk\Desktop\あげていいやつ\210105-SVG-Loader\SVG_Loader\SVG_Loader\SVG_Loader_Class.cpp(1014,38): warning C4244: '=': 'double' から 'float' への変換です。データが失われる可能性があります。
C:\Users\wtnbk\Desktop\あげていいやつ\210105-SVG-Loader\SVG_Loader\SVG_Loader\SVG_Loader_Class.cpp(1017,38): warning C4244: '=': 'double' から 'float' への変換です。データが失われる可能性があります。
C:\Users\wtnbk\Desktop\あげていいやつ\210105-SVG-Loader\SVG_Loader\SVG_Loader\SVG_Loader_Class.cpp(1018,38): warning C4244: '=': 'double' から 'float' への変換です。データが失われる可能性があります。
C:\Users\wtnbk\Desktop\あげていいやつ\210105-SVG-Loader\SVG_Loader\SVG_Loader\SVG_Loader_Class.cpp(1025,35): warning C4244: '=': 'double' から 'float' への変換です。データが失われる可能性があります。
C:\Users\wtnbk\Desktop\あげていいやつ\210105-SVG-Loader\SVG_Loader\SVG_Loader\SVG_Loader_Class.cpp(1026,35): warning C4244: '=': 'double' から 'float' への変換です。データが失われる可能性があります。
C:\Users\wtnbk\Desktop\あげていいやつ\210105-SVG-Loader\SVG_Loader\SVG_Loader\SVG_Loader_Class.cpp(1030,37): warning C4244: '=': 'double' から 'float' への変換です。データが失われる可能性があります。
C:\Users\wtnbk\Desktop\あげていいやつ\210105-SVG-Loader\SVG_Loader\SVG_Loader\SVG_Loader_Class.cpp(1031,37): warning C4244: '=': 'double' から 'float' への変換です。データが失われる可能性があります。
C:\Users\wtnbk\Desktop\あげていいやつ\210105-SVG-Loader\SVG_Loader\SVG_Loader\SVG_Loader_Class.cpp(1084,38): warning C4244: '=': 'double' から 'float' への変換です。データが失われる可能性があります。
C:\Users\wtnbk\Desktop\あげていいやつ\210105-SVG-Loader\SVG_Loader\SVG_Loader\SVG_Loader_Class.cpp(1085,38): warning C4244: '=': 'double' から 'float' への変換です。データが失われる可能性があります。
C:\Users\wtnbk\Desktop\あげていいやつ\210105-SVG-Loader\SVG_Loader\SVG_Loader\SVG_Loader_Class.cpp(1088,38): warning C4244: '=': 'double' から 'float' への変換です。データが失われる可能性があります。
C:\Users\wtnbk\Desktop\あげていいやつ\210105-SVG-Loader\SVG_Loader\SVG_Loader\SVG_Loader_Class.cpp(1089,38): warning C4244: '=': 'double' から 'float' への変換です。データが失われる可能性があります。
C:\Users\wtnbk\Desktop\あげていいやつ\210105-SVG-Loader\SVG_Loader\SVG_Loader\SVG_Loader_Class.cpp(1095,35): warning C4244: '=': 'double' から 'float' への変換です。データが失われる可能性があります。
C:\Users\wtnbk\Desktop\あげていいやつ\210105-SVG-Loader\SVG_Loader\SVG_Loader\SVG_Loader_Class.cpp(1096,35): warning C4244: '=': 'double' から 'float' への変換です。データが失われる可能性があります。
C:\Users\wtnbk\Desktop\あげていいやつ\210105-SVG-Loader\SVG_Loader\SVG_Loader\SVG_Loader_Class.cpp(1099,29): warning C4244: '=': 'double' から 'float' への変換です。データが失われる可能性があります。
C:\Users\wtnbk\Desktop\あげていいやつ\210105-SVG-Loader\SVG_Loader\SVG_Loader\SVG_Loader_Class.cpp(1100,33): warning C4244: '=': 'double' から 'float' への変換です。データが失われる可能性があります。
C:\Users\wtnbk\Desktop\あげていいやつ\210105-SVG-Loader\SVG_Loader\SVG_Loader\SVG_Loader_Class.cpp(1143,38): warning C4244: '=': 'double' から 'float' への変換です。データが失われる可能性があります。
C:\Users\wtnbk\Desktop\あげていいやつ\210105-SVG-Loader\SVG_Loader\SVG_Loader\SVG_Loader_Class.cpp(1144,38): warning C4244: '=': 'double' から 'float' への変換です。データが失われる可能性があります。
C:\Users\wtnbk\Desktop\あげていいやつ\210105-SVG-Loader\SVG_Loader\SVG_Loader\SVG_Loader_Class.cpp(1147,38): warning C4244: '=': 'double' から 'float' への変換です。データが失われる可能性があります。
C:\Users\wtnbk\Desktop\あげていいやつ\210105-SVG-Loader\SVG_Loader\SVG_Loader\SVG_Loader_Class.cpp(1148,38): warning C4244: '=': 'double' から 'float' への変換です。データが失われる可能性があります。
C:\Users\wtnbk\Desktop\あげていいやつ\210105-SVG-Loader\SVG_Loader\SVG_Loader\SVG_Loader_Class.cpp(1154,35): warning C4244: '=': 'double' から 'float' への変換です。データが失われる可能性があります。
C:\Users\wtnbk\Desktop\あげていいやつ\210105-SVG-Loader\SVG_Loader\SVG_Loader\SVG_Loader_Class.cpp(1155,35): warning C4244: '=': 'double' から 'float' への変換です。データが失われる可能性があります。
C:\Users\wtnbk\Desktop\あげていいやつ\210105-SVG-Loader\SVG_Loader\SVG_Loader\SVG_Loader_Class.cpp(1158,37): warning C4244: '=': 'double' から 'float' への変換です。データが失われる可能性があります。
C:\Users\wtnbk\Desktop\あげていいやつ\210105-SVG-Loader\SVG_Loader\SVG_Loader\SVG_Loader_Class.cpp(1159,37): warning C4244: '=': 'double' から 'float' への変換です。データが失われる可能性があります。
C:\Users\wtnbk\Desktop\あげていいやつ\210105-SVG-Loader\SVG_Loader\SVG_Loader\SVG_Loader_Class.cpp(1207,38): warning C4244: '=': 'double' から 'float' への変換です。データが失われる可能性があります。
C:\Users\wtnbk\Desktop\あげていいやつ\210105-SVG-Loader\SVG_Loader\SVG_Loader\SVG_Loader_Class.cpp(1208,36): warning C4244: '=': 'double' から 'float' への変換です。データが失われる可能性があります。
C:\Users\wtnbk\Desktop\あげていいやつ\210105-SVG-Loader\SVG_Loader\SVG_Loader\SVG_Loader_Class.cpp(1211,38): warning C4244: '=': 'double' から 'float' への変換です。データが失われる可能性があります。
C:\Users\wtnbk\Desktop\あげていいやつ\210105-SVG-Loader\SVG_Loader\SVG_Loader\SVG_Loader_Class.cpp(1212,36): warning C4244: '=': 'double' から 'float' への変換です。データが失われる可能性があります。
C:\Users\wtnbk\Desktop\あげていいやつ\210105-SVG-Loader\SVG_Loader\SVG_Loader\SVG_Loader_Class.cpp(1219,35): warning C4244: '=': 'double' から 'float' への変換です。データが失われる可能性があります。
C:\Users\wtnbk\Desktop\あげていいやつ\210105-SVG-Loader\SVG_Loader\SVG_Loader\SVG_Loader_Class.cpp(1220,35): warning C4244: '=': 'double' から 'float' への変換です。データが失われる可能性があります。
C:\Users\wtnbk\Desktop\あげていいやつ\210105-SVG-Loader\SVG_Loader\SVG_Loader\SVG_Loader_Class.cpp(1224,29): warning C4244: '=': 'double' から 'float' への変換です。データが失われる可能性があります。
C:\Users\wtnbk\Desktop\あげていいやつ\210105-SVG-Loader\SVG_Loader\SVG_Loader\SVG_Loader_Class.cpp(1225,35): warning C4244: '=': 'double' から 'float' への変換です。データが失われる可能性があります。
C:\Users\wtnbk\Desktop\あげていいやつ\210105-SVG-Loader\SVG_Loader\SVG_Loader\SVG_Loader_Class.cpp(1263,38): warning C4244: '=': 'double' から 'float' への変換です。データが失われる可能性があります。
C:\Users\wtnbk\Desktop\あげていいやつ\210105-SVG-Loader\SVG_Loader\SVG_Loader\SVG_Loader_Class.cpp(1264,36): warning C4244: '=': 'double' から 'float' への変換です。データが失われる可能性があります。
C:\Users\wtnbk\Desktop\あげていいやつ\210105-SVG-Loader\SVG_Loader\SVG_Loader\SVG_Loader_Class.cpp(1267,38): warning C4244: '=': 'double' から 'float' への変換です。データが失われる可能性があります。
C:\Users\wtnbk\Desktop\あげていいやつ\210105-SVG-Loader\SVG_Loader\SVG_Loader\SVG_Loader_Class.cpp(1268,36): warning C4244: '=': 'double' から 'float' への変換です。データが失われる可能性があります。
C:\Users\wtnbk\Desktop\あげていいやつ\210105-SVG-Loader\SVG_Loader\SVG_Loader\SVG_Loader_Class.cpp(1274,35): warning C4244: '=': 'double' から 'float' への変換です。データが失われる可能性があります。
C:\Users\wtnbk\Desktop\あげていいやつ\210105-SVG-Loader\SVG_Loader\SVG_Loader\SVG_Loader_Class.cpp(1275,35): warning C4244: '=': 'double' から 'float' への変換です。データが失われる可能性があります。
C:\Users\wtnbk\Desktop\あげていいやつ\210105-SVG-Loader\SVG_Loader\SVG_Loader\SVG_Loader_Class.cpp(1278,37): warning C4244: '=': 'double' から 'float' への変換です。データが失われる可能性があります。
C:\Users\wtnbk\Desktop\あげていいやつ\210105-SVG-Loader\SVG_Loader\SVG_Loader\SVG_Loader_Class.cpp(1279,35): warning C4244: '=': 'double' から 'float' への変換です。データが失われる可能性があります。
C:\Users\wtnbk\Desktop\あげていいやつ\210105-SVG-Loader\SVG_Loader\SVG_Loader\SVG_Loader_Class.cpp(1321,36): warning C4244: '=': 'double' から 'float' への変換です。データが失われる可能性があります。
C:\Users\wtnbk\Desktop\あげていいやつ\210105-SVG-Loader\SVG_Loader\SVG_Loader\SVG_Loader_Class.cpp(1322,38): warning C4244: '=': 'double' から 'float' への変換です。データが失われる可能性があります。
C:\Users\wtnbk\Desktop\あげていいやつ\210105-SVG-Loader\SVG_Loader\SVG_Loader\SVG_Loader_Class.cpp(1325,36): warning C4244: '=': 'double' から 'float' への変換です。データが失われる可能性があります。
C:\Users\wtnbk\Desktop\あげていいやつ\210105-SVG-Loader\SVG_Loader\SVG_Loader\SVG_Loader_Class.cpp(1326,38): warning C4244: '=': 'double' から 'float' への変換です。データが失われる可能性があります。
C:\Users\wtnbk\Desktop\あげていいやつ\210105-SVG-Loader\SVG_Loader\SVG_Loader\SVG_Loader_Class.cpp(1332,35): warning C4244: '=': 'double' から 'float' への変換です。データが失われる可能性があります。
C:\Users\wtnbk\Desktop\あげていいやつ\210105-SVG-Loader\SVG_Loader\SVG_Loader\SVG_Loader_Class.cpp(1333,35): warning C4244: '=': 'double' から 'float' への変換です。データが失われる可能性があります。
C:\Users\wtnbk\Desktop\あげていいやつ\210105-SVG-Loader\SVG_Loader\SVG_Loader\SVG_Loader_Class.cpp(1336,35): warning C4244: '=': 'double' から 'float' への変換です。データが失われる可能性があります。
C:\Users\wtnbk\Desktop\あげていいやつ\210105-SVG-Loader\SVG_Loader\SVG_Loader\SVG_Loader_Class.cpp(1337,29): warning C4244: '=': 'double' から 'float' への変換です。データが失われる可能性があります。
C:\Users\wtnbk\Desktop\あげていいやつ\210105-SVG-Loader\SVG_Loader\SVG_Loader\SVG_Loader_Class.cpp(1373,36): warning C4244: '=': 'double' から 'float' への変換です。データが失われる可能性があります。
C:\Users\wtnbk\Desktop\あげていいやつ\210105-SVG-Loader\SVG_Loader\SVG_Loader\SVG_Loader_Class.cpp(1374,38): warning C4244: '=': 'double' から 'float' への変換です。データが失われる可能性があります。
C:\Users\wtnbk\Desktop\あげていいやつ\210105-SVG-Loader\SVG_Loader\SVG_Loader\SVG_Loader_Class.cpp(1377,36): warning C4244: '=': 'double' から 'float' への変換です。データが失われる可能性があります。
C:\Users\wtnbk\Desktop\あげていいやつ\210105-SVG-Loader\SVG_Loader\SVG_Loader\SVG_Loader_Class.cpp(1378,38): warning C4244: '=': 'double' から 'float' への変換です。データが失われる可能性があります。
C:\Users\wtnbk\Desktop\あげていいやつ\210105-SVG-Loader\SVG_Loader\SVG_Loader\SVG_Loader_Class.cpp(1384,35): warning C4244: '=': 'double' から 'float' への変換です。データが失われる可能性があります。
C:\Users\wtnbk\Desktop\あげていいやつ\210105-SVG-Loader\SVG_Loader\SVG_Loader\SVG_Loader_Class.cpp(1385,35): warning C4244: '=': 'double' から 'float' への変換です。データが失われる可能性があります。
C:\Users\wtnbk\Desktop\あげていいやつ\210105-SVG-Loader\SVG_Loader\SVG_Loader\SVG_Loader_Class.cpp(1388,35): warning C4244: '=': 'double' から 'float' への変換です。データが失われる可能性があります。
C:\Users\wtnbk\Desktop\あげていいやつ\210105-SVG-Loader\SVG_Loader\SVG_Loader\SVG_Loader_Class.cpp(1389,37): warning C4244: '=': 'double' から 'float' への変換です。データが失われる可能性があります。
C:\Users\wtnbk\Desktop\あげていいやつ\210105-SVG-Loader\SVG_Loader\SVG_Loader\SVG_Loader_Class.cpp(1413,33): warning C4244: '=': 'double' から 'float' への変換です。データが失われる可能性があります。
C:\Users\wtnbk\Desktop\あげていいやつ\210105-SVG-Loader\SVG_Loader\SVG_Loader\SVG_Loader_Class.cpp(1414,33): warning C4244: '=': 'double' から 'float' への変換です。データが失われる可能性があります。
C:\Users\wtnbk\Desktop\あげていいやつ\210105-SVG-Loader\SVG_Loader\SVG_Loader\SVG_Loader_Class.cpp(1417,32): warning C4244: '=': 'double' から 'float' への変換です。データが失われる可能性があります。
C:\Users\wtnbk\Desktop\あげていいやつ\210105-SVG-Loader\SVG_Loader\SVG_Loader\SVG_Loader_Class.cpp(1418,32): warning C4244: '=': 'double' から 'float' への変換です。データが失われる可能性があります。
C:\Users\wtnbk\Desktop\あげていいやつ\210105-SVG-Loader\SVG_Loader\SVG_Loader\SVG_Loader_Class.cpp(1494,55): warning C4244: '=': 'double' から 'float' への変換です。データが失われる可能性があります。
C:\Users\wtnbk\Desktop\あげていいやつ\210105-SVG-Loader\SVG_Loader\SVG_Loader\SVG_Loader_Class.cpp(1495,55): warning C4244: '=': 'double' から 'float' への変換です。データが失われる可能性があります。
C:\Users\wtnbk\Desktop\あげていいやつ\210105-SVG-Loader\SVG_Loader\SVG_Loader\SVG_Loader_Class.cpp(1506,55): warning C4244: '=': 'double' から 'float' への変換です。データが失われる可能性があります。
C:\Users\wtnbk\Desktop\あげていいやつ\210105-SVG-Loader\SVG_Loader\SVG_Loader\SVG_Loader_Class.cpp(1507,55): warning C4244: '=': 'double' から 'float' への変換です。データが失われる可能性があります。
C:\Users\wtnbk\Desktop\あげていいやつ\210105-SVG-Loader\SVG_Loader\SVG_Loader\SVG_Loader_Class.cpp(1583,55): warning C4244: '=': 'double' から 'float' への変換です。データが失われる可能性があります。
C:\Users\wtnbk\Desktop\あげていいやつ\210105-SVG-Loader\SVG_Loader\SVG_Loader\SVG_Loader_Class.cpp(1584,55): warning C4244: '=': 'double' から 'float' への変換です。データが失われる可能性があります。
C:\Users\wtnbk\Desktop\あげていいやつ\210105-SVG-Loader\SVG_Loader\SVG_Loader\SVG_Loader_Class.cpp(1594,55): warning C4244: '=': 'double' から 'float' への変換です。データが失われる可能性があります。
C:\Users\wtnbk\Desktop\あげていいやつ\210105-SVG-Loader\SVG_Loader\SVG_Loader\SVG_Loader_Class.cpp(1595,55): warning C4244: '=': 'double' から 'float' への変換です。データが失われる可能性があります。
C:\Users\wtnbk\Desktop\あげていいやつ\210105-SVG-Loader\SVG_Loader\SVG_Loader\SVG_Loader_Class.cpp(1670,55): warning C4244: '=': 'double' から 'float' への変換です。データが失われる可能性があります。
C:\Users\wtnbk\Desktop\あげていいやつ\210105-SVG-Loader\SVG_Loader\SVG_Loader\SVG_Loader_Class.cpp(1671,55): warning C4244: '=': 'double' から 'float' への変換です。データが失われる可能性があります。
C:\Users\wtnbk\Desktop\あげていいやつ\210105-SVG-Loader\SVG_Loader\SVG_Loader\SVG_Loader_Class.cpp(1681,55): warning C4244: '=': 'double' から 'float' への変換です。データが失われる可能性があります。
C:\Users\wtnbk\Desktop\あげていいやつ\210105-SVG-Loader\SVG_Loader\SVG_Loader\SVG_Loader_Class.cpp(1682,55): warning C4244: '=': 'double' から 'float' への変換です。データが失われる可能性があります。
C:\Users\wtnbk\Desktop\あげていいやつ\210105-SVG-Loader\SVG_Loader\SVG_Loader\SVG_Loader_Class.cpp(1758,56): warning C4244: '=': 'double' から 'float' への変換です。データが失われる可能性があります。
C:\Users\wtnbk\Desktop\あげていいやつ\210105-SVG-Loader\SVG_Loader\SVG_Loader\SVG_Loader_Class.cpp(1759,56): warning C4244: '=': 'double' から 'float' への変換です。データが失われる可能性があります。
C:\Users\wtnbk\Desktop\あげていいやつ\210105-SVG-Loader\SVG_Loader\SVG_Loader\SVG_Loader_Class.cpp(1769,56): warning C4244: '=': 'double' から 'float' への変換です。データが失われる可能性があります。
C:\Users\wtnbk\Desktop\あげていいやつ\210105-SVG-Loader\SVG_Loader\SVG_Loader\SVG_Loader_Class.cpp(1770,56): warning C4244: '=': 'double' から 'float' への変換です。データが失われる可能性があります。
C:\Users\wtnbk\Desktop\あげていいやつ\210105-SVG-Loader\SVG_Loader\SVG_Loader\SVG_Loader_Class.cpp(1832,42): warning C4244: '=': 'double' から 'float' への変換です。データが失われる可能性があります。
C:\Users\wtnbk\Desktop\あげていいやつ\210105-SVG-Loader\SVG_Loader\SVG_Loader\SVG_Loader_Class.cpp(1833,42): warning C4244: '=': 'double' から 'float' への変換です。データが失われる可能性があります。
C:\Users\wtnbk\Desktop\あげていいやつ\210105-SVG-Loader\SVG_Loader\SVG_Loader\SVG_Loader_Class.cpp(1842,42): warning C4244: '=': 'double' から 'float' への変換です。データが失われる可能性があります。
C:\Users\wtnbk\Desktop\あげていいやつ\210105-SVG-Loader\SVG_Loader\SVG_Loader\SVG_Loader_Class.cpp(1843,42): warning C4244: '=': 'double' から 'float' への変換です。データが失われる可能性があります。
C:\Users\wtnbk\Desktop\あげていいやつ\210105-SVG-Loader\SVG_Loader\SVG_Loader\SVG_Loader_Class.cpp(1903,42): warning C4244: '=': 'double' から 'float' への変換です。データが失われる可能性があります。
C:\Users\wtnbk\Desktop\あげていいやつ\210105-SVG-Loader\SVG_Loader\SVG_Loader\SVG_Loader_Class.cpp(1904,42): warning C4244: '=': 'double' から 'float' への変換です。データが失われる可能性があります。
C:\Users\wtnbk\Desktop\あげていいやつ\210105-SVG-Loader\SVG_Loader\SVG_Loader\SVG_Loader_Class.cpp(1913,42): warning C4244: '=': 'double' から 'float' への変換です。データが失われる可能性があります。
C:\Users\wtnbk\Desktop\あげていいやつ\210105-SVG-Loader\SVG_Loader\SVG_Loader\SVG_Loader_Class.cpp(1914,42): warning C4244: '=': 'double' から 'float' への変換です。データが失われる可能性があります。
C:\Users\wtnbk\Desktop\あげていいやつ\210105-SVG-Loader\SVG_Loader\SVG_Loader\SVG_Loader_Class.cpp(1983,42): warning C4244: '=': 'double' から 'float' への変換です。データが失われる可能性があります。
C:\Users\wtnbk\Desktop\あげていいやつ\210105-SVG-Loader\SVG_Loader\SVG_Loader\SVG_Loader_Class.cpp(1984,42): warning C4244: '=': 'double' から 'float' への変換です。データが失われる可能性があります。
C:\Users\wtnbk\Desktop\あげていいやつ\210105-SVG-Loader\SVG_Loader\SVG_Loader\SVG_Loader_Class.cpp(1993,42): warning C4244: '=': 'double' から 'float' への変換です。データが失われる可能性があります。
C:\Users\wtnbk\Desktop\あげていいやつ\210105-SVG-Loader\SVG_Loader\SVG_Loader\SVG_Loader_Class.cpp(1994,42): warning C4244: '=': 'double' から 'float' への変換です。データが失われる可能性があります。
C:\Users\wtnbk\Desktop\あげていいやつ\210105-SVG-Loader\SVG_Loader\SVG_Loader\SVG_Loader_Class.cpp(2063,42): warning C4244: '=': 'double' から 'float' への変換です。データが失われる可能性があります。
C:\Users\wtnbk\Desktop\あげていいやつ\210105-SVG-Loader\SVG_Loader\SVG_Loader\SVG_Loader_Class.cpp(2064,42): warning C4244: '=': 'double' から 'float' への変換です。データが失われる可能性があります。
C:\Users\wtnbk\Desktop\あげていいやつ\210105-SVG-Loader\SVG_Loader\SVG_Loader\SVG_Loader_Class.cpp(2073,42): warning C4244: '=': 'double' から 'float' への変換です。データが失われる可能性があります。
C:\Users\wtnbk\Desktop\あげていいやつ\210105-SVG-Loader\SVG_Loader\SVG_Loader\SVG_Loader_Class.cpp(2074,42): warning C4244: '=': 'double' から 'float' への変換です。データが失われる可能性があります。
  Window_Manager_Class.cpp
C:\Users\wtnbk\Desktop\あげていいやつ\210105-SVG-Loader\SVG_Loader\SVG_Loader\Window_Manager_Class.cpp(439,3): warning C4065: switch 文に 'default' はありますが 'case' ラベルがありません。
C:\Users\wtnbk\Desktop\あげていいやつ\210105-SVG-Loader\SVG_Loader\SVG_Loader\Window_Manager_Class.cpp(400,7): warning C4101: 'winRect': ローカル変数は 1 度も使われていません。
  コードを生成中...
  SVG_Loader.vcxproj -> C:\Users\wtnbk\Desktop\あげていいやつ\210105-SVG-Loader\SVG_Loader\x64\Debug\SVG_Loader.exe
